<?xml version="1.0" encoding="UTF-8"?>
<!-- Generated by org.testng.reporters.JUnitReportReporter -->
<testsuite skipped="0" hostname="DESKTOP-ADGURQB" name="Testcases.LoginTest" tests="1" failures="0" timestamp="2020-04-02T11:42:28 EEST" time="21.920" errors="0">
  <testcase name="Login" time="21.920" classname="Testcases.LoginTest"/>
</testsuite> <!-- Testcases.LoginTest -->
